<<<<<<< HEAD
In file included from C:\Users\lisas\Desktop\UVA\Tweedejaarsproject\NearestNeighbor-GPU\nns.cpp:7:0:
c:\users\lisas\desktop\uva\tweedejaarsproject\nearestneighbor-gpu\generate_data.cpp:15:9: error: 'array' does not name a type
 typedef array<uint32_t, NW> bitvec_t;
         ^~~~~
c:\users\lisas\desktop\uva\tweedejaarsproject\nearestneighbor-gpu\generate_data.cpp:17:9: error: 'vector' does not name a type
 typedef vector<bitvec_t> list_t;
         ^~~~~~
c:\users\lisas\desktop\uva\tweedejaarsproject\nearestneighbor-gpu\generate_data.cpp:21:38: error: typedef 'callback_list_t' is initialized (use decltype instead)
 typedef void(*callback_list_t)(list_t);
                                      ^
c:\users\lisas\desktop\uva\tweedejaarsproject\nearestneighbor-gpu\generate_data.cpp:21:32: error: 'list_t' was not declared in this scope
 typedef void(*callback_list_t)(list_t);
                                ^~~~~~
c:\users\lisas\desktop\uva\tweedejaarsproject\nearestneighbor-gpu\generate_data.cpp:29:9: error: 'array' does not name a type
 typedef array<uint32_t, NW> bitvec_t;
         ^~~~~
c:\users\lisas\desktop\uva\tweedejaarsproject\nearestneighbor-gpu\generate_data.cpp:31:9: error: 'vector' does not name a type
 typedef vector<bitvec_t> list_t;
         ^~~~~~
c:\users\lisas\desktop\uva\tweedejaarsproject\nearestneighbor-gpu\generate_data.cpp:35:38: error: typedef 'callback_list_t' is initialized (use decltype instead)
 typedef void(*callback_list_t)(list_t);
                                      ^
c:\users\lisas\desktop\uva\tweedejaarsproject\nearestneighbor-gpu\generate_data.cpp:35:32: error: 'list_t' was not declared in this scope
 typedef void(*callback_list_t)(list_t);
                                ^~~~~~
c:\users\lisas\desktop\uva\tweedejaarsproject\nearestneighbor-gpu\generate_data.cpp:38:27: error: variable or field 'generate_random_list' declared void
 void generate_random_list(list_t& output, size_t n) {
                           ^~~~~~
c:\users\lisas\desktop\uva\tweedejaarsproject\nearestneighbor-gpu\generate_data.cpp:38:27: error: 'list_t' was not declared in this scope
c:\users\lisas\desktop\uva\tweedejaarsproject\nearestneighbor-gpu\generate_data.cpp:38:35: error: 'output' was not declared in this scope
 void generate_random_list(list_t& output, size_t n) {
                                   ^~~~~~
c:\users\lisas\desktop\uva\tweedejaarsproject\nearestneighbor-gpu\generate_data.cpp:38:50: error: expected primary-expression before 'n'
 void generate_random_list(list_t& output, size_t n) {
                                                  ^
=======
In file included from /Users/davidvos/Sites/NearestNeighbor-GPU/nns.cpp:1:
In file included from /Applications/Xcode.app/Contents/Developer/Toolchains/XcodeDefault.xctoolchain/usr/include/c++/v1/array:109:
In file included from /Applications/Xcode.app/Contents/Developer/Toolchains/XcodeDefault.xctoolchain/usr/include/c++/v1/algorithm:643:
/Applications/Xcode.app/Contents/Developer/Toolchains/XcodeDefault.xctoolchain/usr/include/c++/v1/memory:1759:31: error: no matching constructor for initialization of 'std::__1::array<unsigned int, 8>'
            ::new((void*)__p) _Up(_VSTD::forward<_Args>(__args)...);
                              ^   ~~~~~~~~~~~~~~~~~~~~~~~~~~~~~
/Applications/Xcode.app/Contents/Developer/Toolchains/XcodeDefault.xctoolchain/usr/include/c++/v1/memory:1670:18: note: in instantiation of function template specialization 'std::__1::allocator<std::__1::array<unsigned int, 8> >::construct<std::__1::array<unsigned int, 8>, const std::__1::array<unsigned int, 8> &, const std::__1::array<unsigned int, 8> &>' requested here
            {__a.construct(__p, _VSTD::forward<_Args>(__args)...);}
                 ^
/Applications/Xcode.app/Contents/Developer/Toolchains/XcodeDefault.xctoolchain/usr/include/c++/v1/memory:1516:14: note: in instantiation of function template specialization 'std::__1::allocator_traits<std::__1::allocator<std::__1::array<unsigned int, 8> > >::__construct<std::__1::array<unsigned int, 8>, const std::__1::array<unsigned int, 8> &, const std::__1::array<unsigned int, 8> &>' requested here
            {__construct(__has_construct<allocator_type, _Tp*, _Args...>(),
             ^
/Applications/Xcode.app/Contents/Developer/Toolchains/XcodeDefault.xctoolchain/usr/include/c++/v1/vector:1637:25: note: in instantiation of function template specialization 'std::__1::allocator_traits<std::__1::allocator<std::__1::array<unsigned int, 8> > >::construct<std::__1::array<unsigned int, 8>, const std::__1::array<unsigned int, 8> &, const std::__1::array<unsigned int, 8> &>' requested here
        __alloc_traits::construct(this->__alloc(),
                        ^
/Users/davidvos/Sites/NearestNeighbor-GPU/nns.cpp:55:24: note: in instantiation of function template specialization 'std::__1::vector<std::__1::array<unsigned int, 8>, std::__1::allocator<std::__1::array<unsigned int, 8> > >::emplace_back<const std::__1::array<unsigned int, 8> &, const std::__1::array<unsigned int, 8> &>' requested here
                output.emplace_back(L[i],L[j]);
                       ^
/Applications/Xcode.app/Contents/Developer/Toolchains/XcodeDefault.xctoolchain/usr/include/c++/v1/array:121:29: note: candidate constructor (the implicit copy constructor) not viable: requires 1 argument, but 2 were provided
struct _LIBCPP_TEMPLATE_VIS array
                            ^
/Applications/Xcode.app/Contents/Developer/Toolchains/XcodeDefault.xctoolchain/usr/include/c++/v1/array:121:29: note: candidate constructor (the implicit move constructor) not viable: requires 1 argument, but 2 were provided
/Applications/Xcode.app/Contents/Developer/Toolchains/XcodeDefault.xctoolchain/usr/include/c++/v1/array:121:29: note: candidate constructor (the implicit default constructor) not viable: requires 0 arguments, but 2 were provided
1 error generated.
>>>>>>> 2810c543461ceef77075830b5c61dbaa12ae128e
